\BOOKMARK [1][-]{section.1}{Floor sheathing}{}% 1
\BOOKMARK [2][-]{subsection.1.1}{Structural design of the panels}{section.1}% 2
\BOOKMARK [3][-]{subsubsection.1.1.1}{Mechanical properties of the plywood panel}{subsection.1.1}% 3
\BOOKMARK [3][-]{subsubsection.1.1.2}{Bending stiffness}{subsection.1.1}% 4
\BOOKMARK [3][-]{subsubsection.1.1.3}{Bending strength}{subsection.1.1}% 5
\BOOKMARK [3][-]{subsubsection.1.1.4}{Shear strength}{subsection.1.1}% 6
\BOOKMARK [2][-]{subsection.1.2}{Fire design of the panels}{section.1}% 7
\BOOKMARK [3][-]{subsubsection.1.2.1}{Bending strength}{subsection.1.2}% 8
\BOOKMARK [3][-]{subsubsection.1.2.2}{Shear strength}{subsection.1.2}% 9
\BOOKMARK [1][-]{section.2}{Joists}{}% 10
\BOOKMARK [2][-]{subsection.2.1}{Structural design of the joist}{section.2}% 11
\BOOKMARK [3][-]{subsubsection.2.1.1}{Loads}{subsection.2.1}% 12
\BOOKMARK [3][-]{subsubsection.2.1.2}{Internal forces}{subsection.2.1}% 13
\BOOKMARK [3][-]{subsubsection.2.1.3}{Joist mechanical properties}{subsection.2.1}% 14
\BOOKMARK [3][-]{subsubsection.2.1.4}{Structural bending check}{subsection.2.1}% 15
\BOOKMARK [3][-]{subsubsection.2.1.5}{Structural shear check}{subsection.2.1}% 16
\BOOKMARK [2][-]{subsection.2.2}{Fire design of the joist}{section.2}% 17
\BOOKMARK [3][-]{subsubsection.2.2.1}{Mechanical properties of the burned section}{subsection.2.2}% 18
\BOOKMARK [3][-]{subsubsection.2.2.2}{Structural bending check}{subsection.2.2}% 19
\BOOKMARK [3][-]{subsubsection.2.2.3}{Structural shear check}{subsection.2.2}% 20
